<?xml version="1.0" encoding="UTF-8"?>
<!-- Generated by org.testng.reporters.JUnitXMLReporter -->
<testsuite ignored="4" hostname="MacBook-Air-cua-ADMIN-2.local" failures="0" tests="1" name="Default test" time="24.941" errors="0" timestamp="2024-04-20T09:28:29 PST">
  <testcase classname="Automation.testsuite.homework_TaskPage2" name="filterByMultiStatus" time="11.445"/>
  <testcase classname="Automation.testsuite.homework_TaskPage2" name="filterTaskByAssignedTo" time="0.0">
    <ignored/>
  </testcase> <!-- filterTaskByAssignedTo -->
  <testcase classname="Automation.testsuite.homework_TaskPage2" name="filterTaskByLabel" time="0.0">
    <ignored/>
  </testcase> <!-- filterTaskByLabel -->
  <testcase classname="Automation.testsuite.homework_TaskPage2" name="filterTaskByPriority" time="0.0">
    <ignored/>
  </testcase> <!-- filterTaskByPriority -->
  <testcase classname="Automation.testsuite.homework_TaskPage2" name="filterByStatus" time="0.0">
    <ignored/>
  </testcase> <!-- filterByStatus -->
</testsuite> <!-- Default test -->
