<?xml version="1.0" encoding="UTF-8"?>
<testng-results ignored="4" total="5" passed="1" failed="0" skipped="0">
  <reporter-output>
  </reporter-output>
  <suite started-at="2024-04-20T09:28:04 PST" name="Default suite" finished-at="2024-04-20T09:28:29 PST" duration-ms="24941">
    <groups>
    </groups>
    <test started-at="2024-04-20T09:28:04 PST" name="Default test" finished-at="2024-04-20T09:28:29 PST" duration-ms="24941">
      <class name="Automation.testsuite.homework_TaskPage2">
        <test-method is-config="true" signature="OpenBrowser(java.lang.String)[pri:0, instance:Automation.testsuite.homework_TaskPage2@4dbb42b7]" started-at="2024-04-20T09:28:04 PST" name="OpenBrowser" finished-at="2024-04-20T09:28:17 PST" duration-ms="13150" status="PASS">
          <params>
            <param index="0">
              <value>
                <![CDATA[Chrome]]>
              </value>
            </param>
          </params>
          <reporter-output>
          </reporter-output>
        </test-method> <!-- OpenBrowser -->
        <test-method signature="filterByMultiStatus()[pri:5, instance:Automation.testsuite.homework_TaskPage2@4dbb42b7]" started-at="2024-04-20T09:28:17 PST" name="filterByMultiStatus" finished-at="2024-04-20T09:28:29 PST" duration-ms="11445" status="PASS">
          <reporter-output>
          </reporter-output>
        </test-method> <!-- filterByMultiStatus -->
        <test-method is-config="true" signature="CloseBrowser()[pri:0, instance:Automation.testsuite.homework_TaskPage2@4dbb42b7]" started-at="2024-04-20T09:28:29 PST" name="CloseBrowser" finished-at="2024-04-20T09:28:29 PST" duration-ms="295" status="PASS">
          <reporter-output>
          </reporter-output>
        </test-method> <!-- CloseBrowser -->
      </class> <!-- Automation.testsuite.homework_TaskPage2 -->
    </test> <!-- Default test -->
  </suite> <!-- Default suite -->
</testng-results>
