<?xml version="1.0" encoding="UTF-8"?>
<testng-results ignored="0" total="4" passed="3" failed="1" skipped="0">
  <reporter-output>
  </reporter-output>
  <suite started-at="2024-04-13T16:40:13 PST" name="Default suite" finished-at="2024-04-13T16:41:50 PST" duration-ms="96672">
    <groups>
    </groups>
    <test started-at="2024-04-13T16:40:13 PST" name="Default test" finished-at="2024-04-13T16:41:50 PST" duration-ms="96672">
      <class name="Automation.testsuite.homework_TaskPage">
        <test-method is-config="true" signature="OpenBrowser(java.lang.String)[pri:0, instance:Automation.testsuite.homework_TaskPage@6404f418]" started-at="2024-04-13T16:40:14 PST" name="OpenBrowser" finished-at="2024-04-13T16:40:25 PST" duration-ms="11038" status="PASS">
          <params>
            <param index="0">
              <value>
                <![CDATA[Chrome]]>
              </value>
            </param>
          </params>
          <reporter-output>
          </reporter-output>
        </test-method> <!-- OpenBrowser -->
        <test-method signature="filterTaskByAssignedTo()[pri:1, instance:Automation.testsuite.homework_TaskPage@6404f418]" started-at="2024-04-13T16:40:25 PST" name="filterTaskByAssignedTo" finished-at="2024-04-13T16:40:36 PST" duration-ms="11515" status="PASS">
          <reporter-output>
          </reporter-output>
        </test-method> <!-- filterTaskByAssignedTo -->
        <test-method is-config="true" signature="CloseBrowser()[pri:0, instance:Automation.testsuite.homework_TaskPage@6404f418]" started-at="2024-04-13T16:40:36 PST" name="CloseBrowser" finished-at="2024-04-13T16:40:36 PST" duration-ms="224" status="PASS">
          <reporter-output>
          </reporter-output>
        </test-method> <!-- CloseBrowser -->
        <test-method is-config="true" signature="OpenBrowser(java.lang.String)[pri:0, instance:Automation.testsuite.homework_TaskPage@6404f418]" started-at="2024-04-13T16:40:36 PST" name="OpenBrowser" finished-at="2024-04-13T16:40:45 PST" duration-ms="8251" status="PASS">
          <params>
            <param index="0">
              <value>
                <![CDATA[Chrome]]>
              </value>
            </param>
          </params>
          <reporter-output>
          </reporter-output>
        </test-method> <!-- OpenBrowser -->
        <test-method signature="filterTaskByLabel()[pri:2, instance:Automation.testsuite.homework_TaskPage@6404f418]" started-at="2024-04-13T16:40:45 PST" name="filterTaskByLabel" finished-at="2024-04-13T16:40:59 PST" duration-ms="14266" status="PASS">
          <reporter-output>
          </reporter-output>
        </test-method> <!-- filterTaskByLabel -->
        <test-method is-config="true" signature="CloseBrowser()[pri:0, instance:Automation.testsuite.homework_TaskPage@6404f418]" started-at="2024-04-13T16:40:59 PST" name="CloseBrowser" finished-at="2024-04-13T16:40:59 PST" duration-ms="189" status="PASS">
          <reporter-output>
          </reporter-output>
        </test-method> <!-- CloseBrowser -->
        <test-method is-config="true" signature="OpenBrowser(java.lang.String)[pri:0, instance:Automation.testsuite.homework_TaskPage@6404f418]" started-at="2024-04-13T16:40:59 PST" name="OpenBrowser" finished-at="2024-04-13T16:41:07 PST" duration-ms="8345" status="PASS">
          <params>
            <param index="0">
              <value>
                <![CDATA[Chrome]]>
              </value>
            </param>
          </params>
          <reporter-output>
          </reporter-output>
        </test-method> <!-- OpenBrowser -->
        <test-method signature="filterTaskByPriority()[pri:3, instance:Automation.testsuite.homework_TaskPage@6404f418]" started-at="2024-04-13T16:41:07 PST" name="filterTaskByPriority" finished-at="2024-04-13T16:41:25 PST" duration-ms="17241" status="PASS">
          <reporter-output>
          </reporter-output>
        </test-method> <!-- filterTaskByPriority -->
        <test-method is-config="true" signature="CloseBrowser()[pri:0, instance:Automation.testsuite.homework_TaskPage@6404f418]" started-at="2024-04-13T16:41:25 PST" name="CloseBrowser" finished-at="2024-04-13T16:41:25 PST" duration-ms="223" status="PASS">
          <reporter-output>
          </reporter-output>
        </test-method> <!-- CloseBrowser -->
        <test-method is-config="true" signature="OpenBrowser(java.lang.String)[pri:0, instance:Automation.testsuite.homework_TaskPage@6404f418]" started-at="2024-04-13T16:41:25 PST" name="OpenBrowser" finished-at="2024-04-13T16:41:33 PST" duration-ms="8325" status="PASS">
          <params>
            <param index="0">
              <value>
                <![CDATA[Chrome]]>
              </value>
            </param>
          </params>
          <reporter-output>
          </reporter-output>
        </test-method> <!-- OpenBrowser -->
        <test-method signature="filterByStatus()[pri:4, instance:Automation.testsuite.homework_TaskPage@6404f418]" started-at="2024-04-13T16:41:33 PST" name="filterByStatus" finished-at="2024-04-13T16:41:50 PST" duration-ms="16701" status="FAIL">
          <exception class="org.openqa.selenium.NoSuchElementException">
            <message>
              <![CDATA[no such element: Unable to locate element: {"method":"xpath","selector":"//ul/li[@class='list-group-item clickable active' and text()='To do']"}
  (Session info: chrome=123.0.6312.123)
For documentation on this error, please visit: https://www.selenium.dev/documentation/webdriver/troubleshooting/errors#no-such-element-exception
Build info: version: '4.10.0', revision: 'c14d967899'
System info: os.name: 'Mac OS X', os.arch: 'x86_64', os.version: '12.1', java.version: '17.0.8.1'
Driver info: org.openqa.selenium.chrome.ChromeDriver
Command: [41db48188bb9088807e9582dc97656fa, findElement {using=xpath, value=//ul/li[@class='list-group-item clickable active' and text()='To do']}]
Capabilities {acceptInsecureCerts: false, browserName: chrome, browserVersion: 123.0.6312.123, chrome: {chromedriverVersion: 123.0.6312.86 (9b72c47a0536..., userDataDir: /var/folders/7h/3mrrlhl91pd...}, fedcm:accounts: true, goog:chromeOptions: {debuggerAddress: localhost:51197}, networkConnectionEnabled: false, pageLoadStrategy: normal, platformName: mac, proxy: Proxy(), se:cdp: ws://localhost:51197/devtoo..., se:cdpVersion: 123.0.6312.123, setWindowRect: true, strictFileInteractability: false, timeouts: {implicit: 0, pageLoad: 300000, script: 30000}, unhandledPromptBehavior: dismiss and notify, webauthn:extension:credBlob: true, webauthn:extension:largeBlob: true, webauthn:extension:minPinLength: true, webauthn:extension:prf: true, webauthn:virtualAuthenticators: true}
Session ID: 41db48188bb9088807e9582dc97656fa]]>
            </message>
            <full-stacktrace>
              <![CDATA[org.openqa.selenium.NoSuchElementException: no such element: Unable to locate element: {"method":"xpath","selector":"//ul/li[@class='list-group-item clickable active' and text()='To do']"}
  (Session info: chrome=123.0.6312.123)
For documentation on this error, please visit: https://www.selenium.dev/documentation/webdriver/troubleshooting/errors#no-such-element-exception
Build info: version: '4.10.0', revision: 'c14d967899'
System info: os.name: 'Mac OS X', os.arch: 'x86_64', os.version: '12.1', java.version: '17.0.8.1'
Driver info: org.openqa.selenium.chrome.ChromeDriver
Command: [41db48188bb9088807e9582dc97656fa, findElement {using=xpath, value=//ul/li[@class='list-group-item clickable active' and text()='To do']}]
Capabilities {acceptInsecureCerts: false, browserName: chrome, browserVersion: 123.0.6312.123, chrome: {chromedriverVersion: 123.0.6312.86 (9b72c47a0536..., userDataDir: /var/folders/7h/3mrrlhl91pd...}, fedcm:accounts: true, goog:chromeOptions: {debuggerAddress: localhost:51197}, networkConnectionEnabled: false, pageLoadStrategy: normal, platformName: mac, proxy: Proxy(), se:cdp: ws://localhost:51197/devtoo..., se:cdpVersion: 123.0.6312.123, setWindowRect: true, strictFileInteractability: false, timeouts: {implicit: 0, pageLoad: 300000, script: 30000}, unhandledPromptBehavior: dismiss and notify, webauthn:extension:credBlob: true, webauthn:extension:largeBlob: true, webauthn:extension:minPinLength: true, webauthn:extension:prf: true, webauthn:virtualAuthenticators: true}
Session ID: 41db48188bb9088807e9582dc97656fa
at java.base/jdk.internal.reflect.NativeConstructorAccessorImpl.newInstance0(Native Method)
at java.base/jdk.internal.reflect.NativeConstructorAccessorImpl.newInstance(NativeConstructorAccessorImpl.java:77)
at java.base/jdk.internal.reflect.DelegatingConstructorAccessorImpl.newInstance(DelegatingConstructorAccessorImpl.java:45)
at java.base/java.lang.reflect.Constructor.newInstanceWithCaller(Constructor.java:499)
at java.base/java.lang.reflect.Constructor.newInstance(Constructor.java:480)
at org.openqa.selenium.remote.codec.w3c.W3CHttpResponseCodec.createException(W3CHttpResponseCodec.java:199)
at org.openqa.selenium.remote.codec.w3c.W3CHttpResponseCodec.decode(W3CHttpResponseCodec.java:132)
at org.openqa.selenium.remote.codec.w3c.W3CHttpResponseCodec.decode(W3CHttpResponseCodec.java:51)
at org.openqa.selenium.remote.HttpCommandExecutor.execute(HttpCommandExecutor.java:191)
at org.openqa.selenium.remote.service.DriverCommandExecutor.invokeExecute(DriverCommandExecutor.java:196)
at org.openqa.selenium.remote.service.DriverCommandExecutor.execute(DriverCommandExecutor.java:171)
at org.openqa.selenium.remote.RemoteWebDriver.execute(RemoteWebDriver.java:531)
at org.openqa.selenium.remote.ElementLocation$ElementFinder$2.findElement(ElementLocation.java:165)
at org.openqa.selenium.remote.ElementLocation.findElement(ElementLocation.java:59)
at org.openqa.selenium.remote.RemoteWebDriver.findElement(RemoteWebDriver.java:350)
at org.openqa.selenium.remote.RemoteWebDriver.findElement(RemoteWebDriver.java:344)
at Automation.testsuite.homework_TaskPage.filterByStatus(homework_TaskPage.java:205)
at java.base/jdk.internal.reflect.NativeMethodAccessorImpl.invoke0(Native Method)
at java.base/jdk.internal.reflect.NativeMethodAccessorImpl.invoke(NativeMethodAccessorImpl.java:77)
at java.base/jdk.internal.reflect.DelegatingMethodAccessorImpl.invoke(DelegatingMethodAccessorImpl.java:43)
at java.base/java.lang.reflect.Method.invoke(Method.java:568)
at org.testng.internal.MethodInvocationHelper.invokeMethod(MethodInvocationHelper.java:133)
at org.testng.internal.TestInvoker.invokeMethod(TestInvoker.java:598)
at org.testng.internal.TestInvoker.invokeTestMethod(TestInvoker.java:173)
at org.testng.internal.MethodRunner.runInSequence(MethodRunner.java:46)
at org.testng.internal.TestInvoker$MethodInvocationAgent.invoke(TestInvoker.java:824)
at org.testng.internal.TestInvoker.invokeTestMethods(TestInvoker.java:146)
at org.testng.internal.TestMethodWorker.invokeTestMethods(TestMethodWorker.java:146)
at org.testng.internal.TestMethodWorker.run(TestMethodWorker.java:128)
at java.base/java.util.ArrayList.forEach(ArrayList.java:1511)
at org.testng.TestRunner.privateRun(TestRunner.java:794)
at org.testng.TestRunner.run(TestRunner.java:596)
at org.testng.SuiteRunner.runTest(SuiteRunner.java:377)
at org.testng.SuiteRunner.runSequentially(SuiteRunner.java:371)
at org.testng.SuiteRunner.privateRun(SuiteRunner.java:332)
at org.testng.SuiteRunner.run(SuiteRunner.java:276)
at org.testng.SuiteRunnerWorker.runSuite(SuiteRunnerWorker.java:53)
at org.testng.SuiteRunnerWorker.run(SuiteRunnerWorker.java:96)
at org.testng.TestNG.runSuitesSequentially(TestNG.java:1212)
at org.testng.TestNG.runSuitesLocally(TestNG.java:1134)
at org.testng.TestNG.runSuites(TestNG.java:1063)
at org.testng.TestNG.run(TestNG.java:1031)
at org.testng.remote.AbstractRemoteTestNG.run(AbstractRemoteTestNG.java:115)
at org.testng.remote.RemoteTestNG.initAndRun(RemoteTestNG.java:251)
at org.testng.remote.RemoteTestNG.main(RemoteTestNG.java:77)
]]>
            </full-stacktrace>
          </exception> <!-- org.openqa.selenium.NoSuchElementException -->
          <reporter-output>
          </reporter-output>
        </test-method> <!-- filterByStatus -->
        <test-method is-config="true" signature="CloseBrowser()[pri:0, instance:Automation.testsuite.homework_TaskPage@6404f418]" started-at="2024-04-13T16:41:50 PST" name="CloseBrowser" finished-at="2024-04-13T16:41:50 PST" duration-ms="272" status="PASS">
          <reporter-output>
          </reporter-output>
        </test-method> <!-- CloseBrowser -->
      </class> <!-- Automation.testsuite.homework_TaskPage -->
    </test> <!-- Default test -->
  </suite> <!-- Default suite -->
</testng-results>
